<?xml version="1.0" encoding="UTF-8"?>
<testng-results skipped="0" failed="1" ignored="1" total="16" passed="14">
  <reporter-output>
  </reporter-output>
  <suite name="All Test Suite" duration-ms="10077" started-at="2019-06-26T10:08:11Z" finished-at="2019-06-26T10:08:21Z">
    <groups>
    </groups>
    <test name="C:/Users/user/IdeaProjects/ApiFramework" duration-ms="10077" started-at="2019-06-26T10:08:11Z" finished-at="2019-06-26T10:08:21Z">
      <class name="com.automatad.testcase.userTestnegative">
        <test-method status="PASS" signature="setup()[pri:0, instance:com.automatad.testcase.userTestnegative@278cbf5a]" name="setup" is-config="true" duration-ms="1" started-at="2019-06-26T10:08:20Z" finished-at="2019-06-26T10:08:20Z">
          <reporter-output>
          </reporter-output>
        </test-method> <!-- setup -->
        <test-method status="PASS" signature="signUpNegativeTest()[pri:10, instance:com.automatad.testcase.userTestnegative@278cbf5a]" name="signUpNegativeTest" duration-ms="552" started-at="2019-06-26T10:08:20Z" description="Verifying SignUp negative test" finished-at="2019-06-26T10:08:20Z">
          <reporter-output>
          </reporter-output>
        </test-method> <!-- signUpNegativeTest -->
        <test-method status="PASS" signature="setup()[pri:0, instance:com.automatad.testcase.userTestnegative@278cbf5a]" name="setup" is-config="true" duration-ms="1" started-at="2019-06-26T10:08:20Z" finished-at="2019-06-26T10:08:20Z">
          <reporter-output>
          </reporter-output>
        </test-method> <!-- setup -->
        <test-method status="PASS" signature="signInNegativeTest()[pri:11, instance:com.automatad.testcase.userTestnegative@278cbf5a]" name="signInNegativeTest" duration-ms="125" started-at="2019-06-26T10:08:20Z" description="Verify SignIn negative test" finished-at="2019-06-26T10:08:21Z">
          <reporter-output>
          </reporter-output>
        </test-method> <!-- signInNegativeTest -->
        <test-method status="PASS" signature="setup()[pri:0, instance:com.automatad.testcase.userTestnegative@278cbf5a]" name="setup" is-config="true" duration-ms="2" started-at="2019-06-26T10:08:21Z" finished-at="2019-06-26T10:08:21Z">
          <reporter-output>
          </reporter-output>
        </test-method> <!-- setup -->
        <test-method status="PASS" signature="getuserNegativeTest()[pri:12, instance:com.automatad.testcase.userTestnegative@278cbf5a]" name="getuserNegativeTest" duration-ms="81" started-at="2019-06-26T10:08:21Z" description="Verify get user negative test" finished-at="2019-06-26T10:08:21Z">
          <reporter-output>
          </reporter-output>
        </test-method> <!-- getuserNegativeTest -->
        <test-method status="PASS" signature="setup()[pri:0, instance:com.automatad.testcase.userTestnegative@278cbf5a]" name="setup" is-config="true" duration-ms="1" started-at="2019-06-26T10:08:21Z" finished-at="2019-06-26T10:08:21Z">
          <reporter-output>
          </reporter-output>
        </test-method> <!-- setup -->
        <test-method status="PASS" signature="logoutNegativeTest()[pri:13, instance:com.automatad.testcase.userTestnegative@278cbf5a]" name="logoutNegativeTest" duration-ms="127" started-at="2019-06-26T10:08:21Z" description="Verify logout negative test" finished-at="2019-06-26T10:08:21Z">
          <reporter-output>
          </reporter-output>
        </test-method> <!-- logoutNegativeTest -->
        <test-method status="PASS" signature="setup()[pri:0, instance:com.automatad.testcase.userTestnegative@278cbf5a]" name="setup" is-config="true" duration-ms="2" started-at="2019-06-26T10:08:21Z" finished-at="2019-06-26T10:08:21Z">
          <reporter-output>
          </reporter-output>
        </test-method> <!-- setup -->
        <test-method status="FAIL" signature="ResetPassNegativeTest()[pri:14, instance:com.automatad.testcase.userTestnegative@278cbf5a]" name="ResetPassNegativeTest" duration-ms="212" started-at="2019-06-26T10:08:21Z" description="Verify password reset test" finished-at="2019-06-26T10:08:21Z">
          <exception class="java.lang.AssertionError">
            <message>
              <![CDATA[1 expectation failed.
Expected status code <422> but was <400>.
]]>
            </message>
            <full-stacktrace>
              <![CDATA[java.lang.AssertionError: 1 expectation failed.
Expected status code <422> but was <400>.

at sun.reflect.NativeConstructorAccessorImpl.newInstance0(Native Method)
at sun.reflect.NativeConstructorAccessorImpl.newInstance(NativeConstructorAccessorImpl.java:62)
at sun.reflect.DelegatingConstructorAccessorImpl.newInstance(DelegatingConstructorAccessorImpl.java:45)
at java.lang.reflect.Constructor.newInstance(Constructor.java:423)
at org.codehaus.groovy.reflection.CachedConstructor.invoke(CachedConstructor.java:83)
at org.codehaus.groovy.reflection.CachedConstructor.doConstructorInvoke(CachedConstructor.java:77)
at org.codehaus.groovy.runtime.callsite.ConstructorSite$ConstructorSiteNoUnwrap.callConstructor(ConstructorSite.java:84)
at org.codehaus.groovy.runtime.callsite.CallSiteArray.defaultCallConstructor(CallSiteArray.java:59)
at org.codehaus.groovy.runtime.callsite.AbstractCallSite.callConstructor(AbstractCallSite.java:238)
at org.codehaus.groovy.runtime.callsite.AbstractCallSite.callConstructor(AbstractCallSite.java:250)
at io.restassured.internal.ResponseSpecificationImpl$HamcrestAssertionClosure.validate(ResponseSpecificationImpl.groovy:494)
at io.restassured.internal.ResponseSpecificationImpl$HamcrestAssertionClosure$validate$1.call(Unknown Source)
at io.restassured.internal.ResponseSpecificationImpl.validateResponseIfRequired(ResponseSpecificationImpl.groovy:656)
at sun.reflect.GeneratedMethodAccessor82.invoke(Unknown Source)
at sun.reflect.DelegatingMethodAccessorImpl.invoke(DelegatingMethodAccessorImpl.java:43)
at java.lang.reflect.Method.invoke(Method.java:498)
at org.codehaus.groovy.runtime.callsite.PogoMetaMethodSite$PogoCachedMethodSiteNoUnwrapNoCoerce.invoke(PogoMetaMethodSite.java:210)
at org.codehaus.groovy.runtime.callsite.PogoMetaMethodSite.callCurrent(PogoMetaMethodSite.java:59)
at org.codehaus.groovy.runtime.callsite.CallSiteArray.defaultCallCurrent(CallSiteArray.java:51)
at org.codehaus.groovy.runtime.callsite.AbstractCallSite.callCurrent(AbstractCallSite.java:157)
at org.codehaus.groovy.runtime.callsite.AbstractCallSite.callCurrent(AbstractCallSite.java:169)
at io.restassured.internal.ResponseSpecificationImpl.statusCode(ResponseSpecificationImpl.groovy:125)
at io.restassured.specification.ResponseSpecification$statusCode$1.callCurrent(Unknown Source)
at org.codehaus.groovy.runtime.callsite.CallSiteArray.defaultCallCurrent(CallSiteArray.java:51)
at org.codehaus.groovy.runtime.callsite.AbstractCallSite.callCurrent(AbstractCallSite.java:157)
at org.codehaus.groovy.runtime.callsite.AbstractCallSite.callCurrent(AbstractCallSite.java:169)
at io.restassured.internal.ResponseSpecificationImpl.statusCode(ResponseSpecificationImpl.groovy:133)
at io.restassured.internal.ValidatableResponseOptionsImpl.statusCode(ValidatableResponseOptionsImpl.java:119)
at com.automatad.apis.User.resetpassword(User.java:243)
at com.automatad.testcase.userTestnegative.ResetPassNegativeTest(userTestnegative.java:136)
at sun.reflect.NativeMethodAccessorImpl.invoke0(Native Method)
at sun.reflect.NativeMethodAccessorImpl.invoke(NativeMethodAccessorImpl.java:62)
at sun.reflect.DelegatingMethodAccessorImpl.invoke(DelegatingMethodAccessorImpl.java:43)
at java.lang.reflect.Method.invoke(Method.java:498)
at org.testng.internal.MethodInvocationHelper.invokeMethod(MethodInvocationHelper.java:124)
at org.testng.internal.Invoker.invokeMethod(Invoker.java:583)
at org.testng.internal.Invoker.invokeTestMethod(Invoker.java:719)
at org.testng.internal.Invoker.invokeTestMethods(Invoker.java:989)
at org.testng.internal.TestMethodWorker.invokeTestMethods(TestMethodWorker.java:125)
at org.testng.internal.TestMethodWorker.run(TestMethodWorker.java:109)
at org.testng.TestRunner.privateRun(TestRunner.java:648)
at org.testng.TestRunner.run(TestRunner.java:505)
at org.testng.SuiteRunner.runTest(SuiteRunner.java:455)
at org.testng.SuiteRunner.runSequentially(SuiteRunner.java:450)
at org.testng.SuiteRunner.privateRun(SuiteRunner.java:415)
at org.testng.SuiteRunner.run(SuiteRunner.java:364)
at org.testng.SuiteRunnerWorker.runSuite(SuiteRunnerWorker.java:52)
at org.testng.SuiteRunnerWorker.run(SuiteRunnerWorker.java:84)
at org.testng.TestNG.runSuitesSequentially(TestNG.java:1208)
at org.testng.TestNG.runSuitesLocally(TestNG.java:1137)
at org.testng.TestNG.runSuites(TestNG.java:1049)
at org.testng.TestNG.run(TestNG.java:1017)
at org.apache.maven.surefire.testng.TestNGExecutor.run(TestNGExecutor.java:283)
at org.apache.maven.surefire.testng.TestNGXmlTestSuite.execute(TestNGXmlTestSuite.java:75)
at org.apache.maven.surefire.testng.TestNGProvider.invoke(TestNGProvider.java:120)
at org.apache.maven.surefire.booter.ForkedBooter.invokeProviderInSameClassLoader(ForkedBooter.java:386)
at org.apache.maven.surefire.booter.ForkedBooter.runSuitesInProcess(ForkedBooter.java:323)
at org.apache.maven.surefire.booter.ForkedBooter.main(ForkedBooter.java:143)
]]>
            </full-stacktrace>
          </exception> <!-- java.lang.AssertionError -->
          <reporter-output>
          </reporter-output>
        </test-method> <!-- ResetPassNegativeTest -->
        <test-method status="PASS" signature="setup()[pri:0, instance:com.automatad.testcase.userTestnegative@278cbf5a]" name="setup" is-config="true" duration-ms="1" started-at="2019-06-26T10:08:21Z" finished-at="2019-06-26T10:08:21Z">
          <reporter-output>
          </reporter-output>
        </test-method> <!-- setup -->
        <test-method status="PASS" signature="changepasswordNegativeTest()[pri:15, instance:com.automatad.testcase.userTestnegative@278cbf5a]" name="changepasswordNegativeTest" duration-ms="144" started-at="2019-06-26T10:08:21Z" description="Verify change password negative test" finished-at="2019-06-26T10:08:21Z">
          <reporter-output>
          </reporter-output>
        </test-method> <!-- changepasswordNegativeTest -->
      </class> <!-- com.automatad.testcase.userTestnegative -->
      <class name="com.automatad.testcase.userTestpositive">
        <test-method status="PASS" signature="setup()[pri:0, instance:com.automatad.testcase.userTestpositive@16c1345b]" name="setup" is-config="true" duration-ms="46" started-at="2019-06-26T10:08:11Z" finished-at="2019-06-26T10:08:11Z">
          <reporter-output>
          </reporter-output>
        </test-method> <!-- setup -->
        <test-method status="PASS" signature="signUpTest()[pri:0, instance:com.automatad.testcase.userTestpositive@16c1345b]" name="signUpTest" duration-ms="5112" started-at="2019-06-26T10:08:12Z" description="Verify SignUp test" finished-at="2019-06-26T10:08:17Z">
          <reporter-output>
          </reporter-output>
        </test-method> <!-- signUpTest -->
        <test-method status="PASS" signature="setup()[pri:0, instance:com.automatad.testcase.userTestpositive@16c1345b]" name="setup" is-config="true" duration-ms="2" started-at="2019-06-26T10:08:17Z" finished-at="2019-06-26T10:08:17Z">
          <reporter-output>
          </reporter-output>
        </test-method> <!-- setup -->
        <test-method status="PASS" signature="signInTest()[pri:1, instance:com.automatad.testcase.userTestpositive@16c1345b]" name="signInTest" duration-ms="584" started-at="2019-06-26T10:08:17Z" description="Verify SignIn test" finished-at="2019-06-26T10:08:17Z">
          <reporter-output>
          </reporter-output>
        </test-method> <!-- signInTest -->
        <test-method status="PASS" signature="setup()[pri:0, instance:com.automatad.testcase.userTestpositive@16c1345b]" name="setup" is-config="true" duration-ms="3" started-at="2019-06-26T10:08:17Z" finished-at="2019-06-26T10:08:17Z">
          <reporter-output>
          </reporter-output>
        </test-method> <!-- setup -->
        <test-method status="PASS" signature="getuserTest()[pri:2, instance:com.automatad.testcase.userTestpositive@16c1345b]" name="getuserTest" duration-ms="242" started-at="2019-06-26T10:08:17Z" description="Verify get user test" finished-at="2019-06-26T10:08:18Z">
          <reporter-output>
          </reporter-output>
        </test-method> <!-- getuserTest -->
        <test-method status="PASS" signature="setup()[pri:0, instance:com.automatad.testcase.userTestpositive@16c1345b]" name="setup" is-config="true" duration-ms="4" started-at="2019-06-26T10:08:18Z" finished-at="2019-06-26T10:08:18Z">
          <reporter-output>
          </reporter-output>
        </test-method> <!-- setup -->
        <test-method status="PASS" signature="ModifyNameTest()[pri:3, instance:com.automatad.testcase.userTestpositive@16c1345b]" name="ModifyNameTest" duration-ms="174" started-at="2019-06-26T10:08:18Z" finished-at="2019-06-26T10:08:18Z">
          <reporter-output>
          </reporter-output>
        </test-method> <!-- ModifyNameTest -->
        <test-method status="PASS" signature="setup()[pri:0, instance:com.automatad.testcase.userTestpositive@16c1345b]" name="setup" is-config="true" duration-ms="6" started-at="2019-06-26T10:08:18Z" finished-at="2019-06-26T10:08:18Z">
          <reporter-output>
          </reporter-output>
        </test-method> <!-- setup -->
        <test-method status="PASS" signature="ChangePasswordTest()[pri:4, instance:com.automatad.testcase.userTestpositive@16c1345b]" name="ChangePasswordTest" duration-ms="871" started-at="2019-06-26T10:08:18Z" finished-at="2019-06-26T10:08:19Z">
          <reporter-output>
          </reporter-output>
        </test-method> <!-- ChangePasswordTest -->
        <test-method status="PASS" signature="setup()[pri:0, instance:com.automatad.testcase.userTestpositive@16c1345b]" name="setup" is-config="true" duration-ms="1" started-at="2019-06-26T10:08:19Z" finished-at="2019-06-26T10:08:19Z">
          <reporter-output>
          </reporter-output>
        </test-method> <!-- setup -->
        <test-method status="PASS" signature="getUserAfterPasswordChangeTest()[pri:5, instance:com.automatad.testcase.userTestpositive@16c1345b]" name="getUserAfterPasswordChangeTest" duration-ms="106" started-at="2019-06-26T10:08:19Z" description="Verify get user test after password change." finished-at="2019-06-26T10:08:19Z">
          <reporter-output>
          </reporter-output>
        </test-method> <!-- getUserAfterPasswordChangeTest -->
        <test-method status="PASS" signature="setup()[pri:0, instance:com.automatad.testcase.userTestpositive@16c1345b]" name="setup" is-config="true" duration-ms="1" started-at="2019-06-26T10:08:19Z" finished-at="2019-06-26T10:08:19Z">
          <reporter-output>
          </reporter-output>
        </test-method> <!-- setup -->
        <test-method status="PASS" signature="getUserAfterLogoutTest()[pri:7, instance:com.automatad.testcase.userTestpositive@16c1345b]" name="getUserAfterLogoutTest" duration-ms="89" started-at="2019-06-26T10:08:19Z" description="Verify get user test after logout." finished-at="2019-06-26T10:08:19Z">
          <reporter-output>
          </reporter-output>
        </test-method> <!-- getUserAfterLogoutTest -->
        <test-method status="PASS" signature="setup()[pri:0, instance:com.automatad.testcase.userTestpositive@16c1345b]" name="setup" is-config="true" duration-ms="1" started-at="2019-06-26T10:08:19Z" finished-at="2019-06-26T10:08:19Z">
          <reporter-output>
          </reporter-output>
        </test-method> <!-- setup -->
        <test-method status="PASS" signature="signInwithNewpassTest()[pri:8, instance:com.automatad.testcase.userTestpositive@16c1345b]" name="signInwithNewpassTest" duration-ms="663" started-at="2019-06-26T10:08:19Z" description="Verify sign-in working as expected after password and name change." finished-at="2019-06-26T10:08:20Z">
          <reporter-output>
          </reporter-output>
        </test-method> <!-- signInwithNewpassTest -->
        <test-method status="PASS" signature="setup()[pri:0, instance:com.automatad.testcase.userTestpositive@16c1345b]" name="setup" is-config="true" duration-ms="2" started-at="2019-06-26T10:08:20Z" finished-at="2019-06-26T10:08:20Z">
          <reporter-output>
          </reporter-output>
        </test-method> <!-- setup -->
        <test-method status="PASS" signature="forgotPassTest()[pri:9, instance:com.automatad.testcase.userTestpositive@16c1345b]" name="forgotPassTest" duration-ms="182" started-at="2019-06-26T10:08:20Z" description="Verify forgot password test" finished-at="2019-06-26T10:08:20Z">
          <reporter-output>
          </reporter-output>
        </test-method> <!-- forgotPassTest -->
      </class> <!-- com.automatad.testcase.userTestpositive -->
    </test> <!-- C:/Users/user/IdeaProjects/ApiFramework -->
  </suite> <!-- All Test Suite -->
</testng-results>
